ninja: Entering directory `C:\Users\Omer\Documents\GitHub\ipark\android\app\.cxx\Debug\294o673c\arm64-v8a'
[1/2] Building CXX object CMakeFiles/my_functions.dir/C_/Users/Omer/Documents/GitHub/ipark/open_cv/my_functions.cpp.o
FAILED: CMakeFiles/my_functions.dir/C_/Users/Omer/Documents/GitHub/ipark/open_cv/my_functions.cpp.o 
C:\Users\Omer\AppData\Local\Android\Sdk\ndk\23.1.7779620\toolchains\llvm\prebuilt\windows-x86_64\bin\clang++.exe --target=aarch64-none-linux-android21 --gcc-toolchain=C:/Users/Omer/AppData/Local/Android/Sdk/ndk/23.1.7779620/toolchains/llvm/prebuilt/windows-x86_64 --sysroot=C:/Users/Omer/AppData/Local/Android/Sdk/ndk/23.1.7779620/toolchains/llvm/prebuilt/windows-x86_64/sysroot -Dmy_functions_EXPORTS -I../../../../../../include -g -DANDROID -fdata-sections -ffunction-sections -funwind-tables -fstack-protector-strong -no-canonical-prefixes -D_FORTIFY_SOURCE=2 -Wformat -Werror=format-security  -frtti -fexceptions -std=c++11 -fno-limit-debug-info  -fPIC -MD -MT CMakeFiles/my_functions.dir/C_/Users/Omer/Documents/GitHub/ipark/open_cv/my_functions.cpp.o -MF CMakeFiles\my_functions.dir\C_\Users\Omer\Documents\GitHub\ipark\open_cv\my_functions.cpp.o.d -o CMakeFiles/my_functions.dir/C_/Users/Omer/Documents/GitHub/ipark/open_cv/my_functions.cpp.o -c C:/Users/Omer/Documents/GitHub/ipark/open_cv/my_functions.cpp
C:/Users/Omer/Documents/GitHub/ipark/open_cv/my_functions.cpp:1:10: fatal error: 'opencv2/opencv.hpp' file not found
#include <opencv2/opencv.hpp>
         ^~~~~~~~~~~~~~~~~~~~
1 error generated.
ninja: build stopped: subcommand failed.
